{
  "numFailedTestSuites": 0,
  "numFailedTests": 0,
  "numPassedTestSuites": 1,
  "numPassedTests": 5,
  "numPendingTestSuites": 0,
  "numPendingTests": 0,
  "numRuntimeErrorTestSuites": 0,
  "numTodoTests": 0,
  "numTotalTestSuites": 1,
  "numTotalTests": 5,
  "openHandles": [],
  "snapshot": {
    "added": 0,
    "didUpdate": false,
    "failure": false,
    "filesAdded": 0,
    "filesRemoved": 0,
    "filesRemovedList": [],
    "filesUnmatched": 0,
    "filesUpdated": 0,
    "matched": 0,
    "total": 0,
    "unchecked": 0,
    "uncheckedKeysByFile": [],
    "unmatched": 0,
    "updated": 0
  },
  "startTime": 1604431198219,
  "success": true,
  "testResults": [
    {
      "leaks": false,
      "numFailingTests": 0,
      "numPassingTests": 5,
      "numPendingTests": 0,
      "numTodoTests": 0,
      "openHandles": [],
      "perfStats": {
        "end": 1604431199002,
        "runtime": 773,
        "slow": false,
        "start": 1604431198229
      },
      "skipped": false,
      "snapshot": {
        "added": 0,
        "fileDeleted": false,
        "matched": 0,
        "unchecked": 0,
        "unmatched": 0,
        "updated": 0,
        "uncheckedKeys": []
      },
      "testFilePath": "/home/vas/mern/full-stack-developer-challenge/server/src/tests/api/book.js",
      "testResults": [
        {
          "ancestorTitles": [
            "Books",
            "/GET books"
          ],
          "duration": 41,
          "failureDetails": [],
          "failureMessages": [],
          "fullName": "Books /GET books it should GET empty books array",
          "location": null,
          "numPassingAsserts": 0,
          "status": "passed",
          "title": "it should GET empty books array"
        },
        {
          "ancestorTitles": [
            "Books",
            "/GET books"
          ],
          "duration": 31,
          "failureDetails": [],
          "failureMessages": [],
          "fullName": "Books /GET books it should INSERT & GET One Book",
          "location": null,
          "numPassingAsserts": 0,
          "status": "passed",
          "title": "it should INSERT & GET One Book"
        },
        {
          "ancestorTitles": [
            "Books",
            "/GET books"
          ],
          "duration": 15,
          "failureDetails": [],
          "failureMessages": [],
          "fullName": "Books /GET books it should INSERT & GET Same inserted Book",
          "location": null,
          "numPassingAsserts": 0,
          "status": "passed",
          "title": "it should INSERT & GET Same inserted Book"
        },
        {
          "ancestorTitles": [
            "Books",
            "/GET books"
          ],
          "duration": 8,
          "failureDetails": [],
          "failureMessages": [],
          "fullName": "Books /GET books it should return Invalid ID",
          "location": null,
          "numPassingAsserts": 0,
          "status": "passed",
          "title": "it should return Invalid ID"
        },
        {
          "ancestorTitles": [
            "Books",
            "/GET books"
          ],
          "duration": 11,
          "failureDetails": [],
          "failureMessages": [],
          "fullName": "Books /GET books it should return 404 no book - valid but wrong id ",
          "location": null,
          "numPassingAsserts": 0,
          "status": "passed",
          "title": "it should return 404 no book - valid but wrong id "
        }
      ],
      "failureMessage": null
    }
  ],
  "wasInterrupted": false,
  "coverageMap": {
    "/home/vas/mern/full-stack-developer-challenge/server/src/tests/configs/db.js": {
      "path": "/home/vas/mern/full-stack-developer-challenge/server/src/tests/configs/db.js",
      "statementMap": {
        "0": {
          "start": {
            "line": 1,
            "column": 17
          },
          "end": {
            "line": 1,
            "column": 36
          }
        },
        "1": {
          "start": {
            "line": 2,
            "column": 30
          },
          "end": {
            "line": 2,
            "column": 62
          }
        },
        "2": {
          "start": {
            "line": 4,
            "column": 15
          },
          "end": {
            "line": 4,
            "column": 38
          }
        },
        "3": {
          "start": {
            "line": 6,
            "column": 16
          },
          "end": {
            "line": 13,
            "column": 1
          }
        },
        "4": {
          "start": {
            "line": 7,
            "column": 14
          },
          "end": {
            "line": 7,
            "column": 35
          }
        },
        "5": {
          "start": {
            "line": 8,
            "column": 2
          },
          "end": {
            "line": 12,
            "column": 5
          }
        },
        "6": {
          "start": {
            "line": 15,
            "column": 22
          },
          "end": {
            "line": 19,
            "column": 1
          }
        },
        "7": {
          "start": {
            "line": 16,
            "column": 2
          },
          "end": {
            "line": 16,
            "column": 43
          }
        },
        "8": {
          "start": {
            "line": 17,
            "column": 2
          },
          "end": {
            "line": 17,
            "column": 36
          }
        },
        "9": {
          "start": {
            "line": 18,
            "column": 2
          },
          "end": {
            "line": 18,
            "column": 22
          }
        },
        "10": {
          "start": {
            "line": 21,
            "column": 22
          },
          "end": {
            "line": 28,
            "column": 1
          }
        },
        "11": {
          "start": {
            "line": 22,
            "column": 22
          },
          "end": {
            "line": 22,
            "column": 53
          }
        },
        "12": {
          "start": {
            "line": 24,
            "column": 2
          },
          "end": {
            "line": 27,
            "column": 3
          }
        },
        "13": {
          "start": {
            "line": 25,
            "column": 23
          },
          "end": {
            "line": 25,
            "column": 39
          }
        },
        "14": {
          "start": {
            "line": 26,
            "column": 4
          },
          "end": {
            "line": 26,
            "column": 34
          }
        },
        "15": {
          "start": {
            "line": 30,
            "column": 0
          },
          "end": {
            "line": 34,
            "column": 2
          }
        }
      },
      "fnMap": {
        "0": {
          "name": "(anonymous_0)",
          "decl": {
            "start": {
              "line": 6,
              "column": 16
            },
            "end": {
              "line": 6,
              "column": 17
            }
          },
          "loc": {
            "start": {
              "line": 6,
              "column": 28
            },
            "end": {
              "line": 13,
              "column": 1
            }
          },
          "line": 6
        },
        "1": {
          "name": "(anonymous_1)",
          "decl": {
            "start": {
              "line": 15,
              "column": 22
            },
            "end": {
              "line": 15,
              "column": 23
            }
          },
          "loc": {
            "start": {
              "line": 15,
              "column": 34
            },
            "end": {
              "line": 19,
              "column": 1
            }
          },
          "line": 15
        },
        "2": {
          "name": "(anonymous_2)",
          "decl": {
            "start": {
              "line": 21,
              "column": 22
            },
            "end": {
              "line": 21,
              "column": 23
            }
          },
          "loc": {
            "start": {
              "line": 21,
              "column": 34
            },
            "end": {
              "line": 28,
              "column": 1
            }
          },
          "line": 21
        }
      },
      "branchMap": {},
      "s": {
        "0": 1,
        "1": 1,
        "2": 1,
        "3": 1,
        "4": 1,
        "5": 1,
        "6": 1,
        "7": 1,
        "8": 1,
        "9": 1,
        "10": 1,
        "11": 5,
        "12": 5,
        "13": 10,
        "14": 10,
        "15": 1
      },
      "f": {
        "0": 1,
        "1": 1,
        "2": 5
      },
      "b": {},
      "_coverageSchema": "1a1c01bbd47fc00a2c39e90264f33305004495a9",
      "hash": "3878ece62268693d089bb9870fa85ff18db526e2"
    },
    "/home/vas/mern/full-stack-developer-challenge/server/src/app.js": {
      "path": "/home/vas/mern/full-stack-developer-challenge/server/src/app.js",
      "statementMap": {
        "0": {
          "start": {
            "line": 1,
            "column": 16
          },
          "end": {
            "line": 1,
            "column": 34
          }
        },
        "1": {
          "start": {
            "line": 2,
            "column": 15
          },
          "end": {
            "line": 2,
            "column": 32
          }
        },
        "2": {
          "start": {
            "line": 3,
            "column": 13
          },
          "end": {
            "line": 3,
            "column": 28
          }
        },
        "3": {
          "start": {
            "line": 4,
            "column": 15
          },
          "end": {
            "line": 4,
            "column": 32
          }
        },
        "4": {
          "start": {
            "line": 5,
            "column": 17
          },
          "end": {
            "line": 5,
            "column": 36
          }
        },
        "5": {
          "start": {
            "line": 6,
            "column": 13
          },
          "end": {
            "line": 6,
            "column": 28
          }
        },
        "6": {
          "start": {
            "line": 8,
            "column": 0
          },
          "end": {
            "line": 8,
            "column": 102
          }
        },
        "7": {
          "start": {
            "line": 12,
            "column": 0
          },
          "end": {
            "line": 14,
            "column": 2
          }
        },
        "8": {
          "start": {
            "line": 16,
            "column": 0
          },
          "end": {
            "line": 26,
            "column": 1
          }
        },
        "9": {
          "start": {
            "line": 17,
            "column": 2
          },
          "end": {
            "line": 21,
            "column": 5
          }
        },
        "10": {
          "start": {
            "line": 22,
            "column": 13
          },
          "end": {
            "line": 22,
            "column": 32
          }
        },
        "11": {
          "start": {
            "line": 23,
            "column": 2
          },
          "end": {
            "line": 23,
            "column": 64
          }
        },
        "12": {
          "start": {
            "line": 23,
            "column": 27
          },
          "end": {
            "line": 23,
            "column": 62
          }
        },
        "13": {
          "start": {
            "line": 24,
            "column": 2
          },
          "end": {
            "line": 24,
            "column": 73
          }
        },
        "14": {
          "start": {
            "line": 24,
            "column": 30
          },
          "end": {
            "line": 24,
            "column": 71
          }
        },
        "15": {
          "start": {
            "line": 25,
            "column": 2
          },
          "end": {
            "line": 25,
            "column": 64
          }
        },
        "16": {
          "start": {
            "line": 25,
            "column": 26
          },
          "end": {
            "line": 25,
            "column": 62
          }
        },
        "17": {
          "start": {
            "line": 28,
            "column": 12
          },
          "end": {
            "line": 28,
            "column": 21
          }
        },
        "18": {
          "start": {
            "line": 30,
            "column": 0
          },
          "end": {
            "line": 30,
            "column": 24
          }
        },
        "19": {
          "start": {
            "line": 31,
            "column": 0
          },
          "end": {
            "line": 31,
            "column": 16
          }
        },
        "20": {
          "start": {
            "line": 32,
            "column": 0
          },
          "end": {
            "line": 34,
            "column": 1
          }
        },
        "21": {
          "start": {
            "line": 33,
            "column": 2
          },
          "end": {
            "line": 33,
            "column": 30
          }
        },
        "22": {
          "start": {
            "line": 36,
            "column": 0
          },
          "end": {
            "line": 36,
            "column": 18
          }
        },
        "23": {
          "start": {
            "line": 40,
            "column": 21
          },
          "end": {
            "line": 40,
            "column": 44
          }
        },
        "24": {
          "start": {
            "line": 41,
            "column": 19
          },
          "end": {
            "line": 41,
            "column": 40
          }
        },
        "25": {
          "start": {
            "line": 43,
            "column": 0
          },
          "end": {
            "line": 43,
            "column": 38
          }
        },
        "26": {
          "start": {
            "line": 44,
            "column": 0
          },
          "end": {
            "line": 44,
            "column": 34
          }
        },
        "27": {
          "start": {
            "line": 48,
            "column": 24
          },
          "end": {
            "line": 48,
            "column": 54
          }
        },
        "28": {
          "start": {
            "line": 50,
            "column": 0
          },
          "end": {
            "line": 50,
            "column": 35
          }
        },
        "29": {
          "start": {
            "line": 51,
            "column": 0
          },
          "end": {
            "line": 51,
            "column": 46
          }
        },
        "30": {
          "start": {
            "line": 53,
            "column": 0
          },
          "end": {
            "line": 53,
            "column": 21
          }
        }
      },
      "fnMap": {
        "0": {
          "name": "(anonymous_0)",
          "decl": {
            "start": {
              "line": 23,
              "column": 21
            },
            "end": {
              "line": 23,
              "column": 22
            }
          },
          "loc": {
            "start": {
              "line": 23,
              "column": 27
            },
            "end": {
              "line": 23,
              "column": 62
            }
          },
          "line": 23
        },
        "1": {
          "name": "(anonymous_1)",
          "decl": {
            "start": {
              "line": 24,
              "column": 24
            },
            "end": {
              "line": 24,
              "column": 25
            }
          },
          "loc": {
            "start": {
              "line": 24,
              "column": 30
            },
            "end": {
              "line": 24,
              "column": 71
            }
          },
          "line": 24
        },
        "2": {
          "name": "(anonymous_2)",
          "decl": {
            "start": {
              "line": 25,
              "column": 17
            },
            "end": {
              "line": 25,
              "column": 18
            }
          },
          "loc": {
            "start": {
              "line": 25,
              "column": 26
            },
            "end": {
              "line": 25,
              "column": 62
            }
          },
          "line": 25
        }
      },
      "branchMap": {
        "0": {
          "loc": {
            "start": {
              "line": 16,
              "column": 0
            },
            "end": {
              "line": 26,
              "column": 1
            }
          },
          "type": "if",
          "locations": [
            {
              "start": {
                "line": 16,
                "column": 0
              },
              "end": {
                "line": 26,
                "column": 1
              }
            },
            {
              "start": {
                "line": 16,
                "column": 0
              },
              "end": {
                "line": 26,
                "column": 1
              }
            }
          ],
          "line": 16
        },
        "1": {
          "loc": {
            "start": {
              "line": 32,
              "column": 0
            },
            "end": {
              "line": 34,
              "column": 1
            }
          },
          "type": "if",
          "locations": [
            {
              "start": {
                "line": 32,
                "column": 0
              },
              "end": {
                "line": 34,
                "column": 1
              }
            },
            {
              "start": {
                "line": 32,
                "column": 0
              },
              "end": {
                "line": 34,
                "column": 1
              }
            }
          ],
          "line": 32
        }
      },
      "s": {
        "0": 1,
        "1": 1,
        "2": 1,
        "3": 1,
        "4": 1,
        "5": 1,
        "6": 1,
        "7": 1,
        "8": 1,
        "9": 0,
        "10": 0,
        "11": 0,
        "12": 0,
        "13": 0,
        "14": 0,
        "15": 0,
        "16": 0,
        "17": 1,
        "18": 1,
        "19": 1,
        "20": 1,
        "21": 0,
        "22": 1,
        "23": 1,
        "24": 1,
        "25": 1,
        "26": 1,
        "27": 1,
        "28": 1,
        "29": 1,
        "30": 1
      },
      "f": {
        "0": 0,
        "1": 0,
        "2": 0
      },
      "b": {
        "0": [
          0,
          1
        ],
        "1": [
          0,
          1
        ]
      },
      "_coverageSchema": "1a1c01bbd47fc00a2c39e90264f33305004495a9",
      "hash": "da7864c8ddd549bc96bed434a809bb659efa8280"
    },
    "/home/vas/mern/full-stack-developer-challenge/server/src/controllers/book.js": {
      "path": "/home/vas/mern/full-stack-developer-challenge/server/src/controllers/book.js",
      "statementMap": {
        "0": {
          "start": {
            "line": 1,
            "column": 13
          },
          "end": {
            "line": 1,
            "column": 38
          }
        },
        "1": {
          "start": {
            "line": 2,
            "column": 15
          },
          "end": {
            "line": 2,
            "column": 42
          }
        },
        "2": {
          "start": {
            "line": 4,
            "column": 35
          },
          "end": {
            "line": 4,
            "column": 64
          }
        },
        "3": {
          "start": {
            "line": 5,
            "column": 33
          },
          "end": {
            "line": 5,
            "column": 66
          }
        },
        "4": {
          "start": {
            "line": 10,
            "column": 4
          },
          "end": {
            "line": 10,
            "column": 34
          }
        },
        "5": {
          "start": {
            "line": 12,
            "column": 25
          },
          "end": {
            "line": 27,
            "column": 1
          }
        },
        "6": {
          "start": {
            "line": 13,
            "column": 2
          },
          "end": {
            "line": 18,
            "column": 3
          }
        },
        "7": {
          "start": {
            "line": 14,
            "column": 4
          },
          "end": {
            "line": 17,
            "column": 7
          }
        },
        "8": {
          "start": {
            "line": 20,
            "column": 17
          },
          "end": {
            "line": 20,
            "column": 48
          }
        },
        "9": {
          "start": {
            "line": 21,
            "column": 2
          },
          "end": {
            "line": 26,
            "column": 3
          }
        },
        "10": {
          "start": {
            "line": 22,
            "column": 4
          },
          "end": {
            "line": 25,
            "column": 7
          }
        },
        "11": {
          "start": {
            "line": 29,
            "column": 34
          },
          "end": {
            "line": 44,
            "column": 1
          }
        },
        "12": {
          "start": {
            "line": 31,
            "column": 2
          },
          "end": {
            "line": 31,
            "column": 19
          }
        },
        "13": {
          "start": {
            "line": 33,
            "column": 2
          },
          "end": {
            "line": 33,
            "column": 18
          }
        },
        "14": {
          "start": {
            "line": 35,
            "column": 2
          },
          "end": {
            "line": 37,
            "column": 3
          }
        },
        "15": {
          "start": {
            "line": 36,
            "column": 4
          },
          "end": {
            "line": 36,
            "column": 73
          }
        },
        "16": {
          "start": {
            "line": 38,
            "column": 2
          },
          "end": {
            "line": 40,
            "column": 3
          }
        },
        "17": {
          "start": {
            "line": 39,
            "column": 4
          },
          "end": {
            "line": 39,
            "column": 62
          }
        },
        "18": {
          "start": {
            "line": 42,
            "column": 2
          },
          "end": {
            "line": 42,
            "column": 18
          }
        },
        "19": {
          "start": {
            "line": 43,
            "column": 2
          },
          "end": {
            "line": 43,
            "column": 43
          }
        },
        "20": {
          "start": {
            "line": 47,
            "column": 17
          },
          "end": {
            "line": 57,
            "column": 1
          }
        },
        "21": {
          "start": {
            "line": 48,
            "column": 2
          },
          "end": {
            "line": 56,
            "column": 3
          }
        },
        "22": {
          "start": {
            "line": 49,
            "column": 18
          },
          "end": {
            "line": 49,
            "column": 54
          }
        },
        "23": {
          "start": {
            "line": 50,
            "column": 4
          },
          "end": {
            "line": 52,
            "column": 7
          }
        },
        "24": {
          "start": {
            "line": 54,
            "column": 4
          },
          "end": {
            "line": 54,
            "column": 20
          }
        },
        "25": {
          "start": {
            "line": 55,
            "column": 4
          },
          "end": {
            "line": 55,
            "column": 45
          }
        },
        "26": {
          "start": {
            "line": 60,
            "column": 19
          },
          "end": {
            "line": 91,
            "column": 1
          }
        },
        "27": {
          "start": {
            "line": 61,
            "column": 2
          },
          "end": {
            "line": 89,
            "column": 3
          }
        },
        "28": {
          "start": {
            "line": 62,
            "column": 22
          },
          "end": {
            "line": 62,
            "column": 53
          }
        },
        "29": {
          "start": {
            "line": 64,
            "column": 4
          },
          "end": {
            "line": 67,
            "column": 5
          }
        },
        "30": {
          "start": {
            "line": 65,
            "column": 6
          },
          "end": {
            "line": 65,
            "column": 22
          }
        },
        "31": {
          "start": {
            "line": 66,
            "column": 6
          },
          "end": {
            "line": 66,
            "column": 55
          }
        },
        "32": {
          "start": {
            "line": 69,
            "column": 37
          },
          "end": {
            "line": 69,
            "column": 45
          }
        },
        "33": {
          "start": {
            "line": 71,
            "column": 4
          },
          "end": {
            "line": 71,
            "column": 42
          }
        },
        "34": {
          "start": {
            "line": 73,
            "column": 17
          },
          "end": {
            "line": 77,
            "column": 6
          }
        },
        "35": {
          "start": {
            "line": 79,
            "column": 20
          },
          "end": {
            "line": 79,
            "column": 37
          }
        },
        "36": {
          "start": {
            "line": 81,
            "column": 4
          },
          "end": {
            "line": 86,
            "column": 5
          }
        },
        "37": {
          "start": {
            "line": 82,
            "column": 6
          },
          "end": {
            "line": 85,
            "column": 9
          }
        },
        "38": {
          "start": {
            "line": 88,
            "column": 4
          },
          "end": {
            "line": 88,
            "column": 46
          }
        },
        "39": {
          "start": {
            "line": 93,
            "column": 16
          },
          "end": {
            "line": 122,
            "column": 1
          }
        },
        "40": {
          "start": {
            "line": 95,
            "column": 17
          },
          "end": {
            "line": 95,
            "column": 27
          }
        },
        "41": {
          "start": {
            "line": 96,
            "column": 2
          },
          "end": {
            "line": 101,
            "column": 3
          }
        },
        "42": {
          "start": {
            "line": 97,
            "column": 4
          },
          "end": {
            "line": 100,
            "column": 7
          }
        },
        "43": {
          "start": {
            "line": 103,
            "column": 2
          },
          "end": {
            "line": 120,
            "column": 3
          }
        },
        "44": {
          "start": {
            "line": 104,
            "column": 17
          },
          "end": {
            "line": 104,
            "column": 59
          }
        },
        "45": {
          "start": {
            "line": 106,
            "column": 4
          },
          "end": {
            "line": 116,
            "column": 5
          }
        },
        "46": {
          "start": {
            "line": 107,
            "column": 6
          },
          "end": {
            "line": 107,
            "column": 22
          }
        },
        "47": {
          "start": {
            "line": 108,
            "column": 6
          },
          "end": {
            "line": 111,
            "column": 9
          }
        },
        "48": {
          "start": {
            "line": 113,
            "column": 6
          },
          "end": {
            "line": 115,
            "column": 9
          }
        },
        "49": {
          "start": {
            "line": 118,
            "column": 4
          },
          "end": {
            "line": 118,
            "column": 20
          }
        },
        "50": {
          "start": {
            "line": 119,
            "column": 4
          },
          "end": {
            "line": 119,
            "column": 45
          }
        },
        "51": {
          "start": {
            "line": 124,
            "column": 19
          },
          "end": {
            "line": 179,
            "column": 1
          }
        },
        "52": {
          "start": {
            "line": 125,
            "column": 2
          },
          "end": {
            "line": 130,
            "column": 3
          }
        },
        "53": {
          "start": {
            "line": 126,
            "column": 4
          },
          "end": {
            "line": 129,
            "column": 7
          }
        },
        "54": {
          "start": {
            "line": 132,
            "column": 17
          },
          "end": {
            "line": 132,
            "column": 27
          }
        },
        "55": {
          "start": {
            "line": 134,
            "column": 2
          },
          "end": {
            "line": 139,
            "column": 3
          }
        },
        "56": {
          "start": {
            "line": 135,
            "column": 4
          },
          "end": {
            "line": 138,
            "column": 7
          }
        },
        "57": {
          "start": {
            "line": 141,
            "column": 2
          },
          "end": {
            "line": 178,
            "column": 3
          }
        },
        "58": {
          "start": {
            "line": 143,
            "column": 22
          },
          "end": {
            "line": 143,
            "column": 53
          }
        },
        "59": {
          "start": {
            "line": 145,
            "column": 4
          },
          "end": {
            "line": 148,
            "column": 5
          }
        },
        "60": {
          "start": {
            "line": 146,
            "column": 6
          },
          "end": {
            "line": 146,
            "column": 22
          }
        },
        "61": {
          "start": {
            "line": 147,
            "column": 6
          },
          "end": {
            "line": 147,
            "column": 55
          }
        },
        "62": {
          "start": {
            "line": 150,
            "column": 38
          },
          "end": {
            "line": 150,
            "column": 46
          }
        },
        "63": {
          "start": {
            "line": 152,
            "column": 4
          },
          "end": {
            "line": 154,
            "column": 5
          }
        },
        "64": {
          "start": {
            "line": 153,
            "column": 6
          },
          "end": {
            "line": 153,
            "column": 44
          }
        },
        "65": {
          "start": {
            "line": 156,
            "column": 17
          },
          "end": {
            "line": 156,
            "column": 40
          }
        },
        "66": {
          "start": {
            "line": 157,
            "column": 4
          },
          "end": {
            "line": 162,
            "column": 5
          }
        },
        "67": {
          "start": {
            "line": 158,
            "column": 6
          },
          "end": {
            "line": 161,
            "column": 9
          }
        },
        "68": {
          "start": {
            "line": 164,
            "column": 4
          },
          "end": {
            "line": 164,
            "column": 34
          }
        },
        "69": {
          "start": {
            "line": 165,
            "column": 4
          },
          "end": {
            "line": 165,
            "column": 34
          }
        },
        "70": {
          "start": {
            "line": 166,
            "column": 4
          },
          "end": {
            "line": 166,
            "column": 42
          }
        },
        "71": {
          "start": {
            "line": 168,
            "column": 20
          },
          "end": {
            "line": 168,
            "column": 37
          }
        },
        "72": {
          "start": {
            "line": 170,
            "column": 4
          },
          "end": {
            "line": 174,
            "column": 5
          }
        },
        "73": {
          "start": {
            "line": 171,
            "column": 6
          },
          "end": {
            "line": 173,
            "column": 9
          }
        },
        "74": {
          "start": {
            "line": 177,
            "column": 4
          },
          "end": {
            "line": 177,
            "column": 46
          }
        },
        "75": {
          "start": {
            "line": 181,
            "column": 19
          },
          "end": {
            "line": 208,
            "column": 1
          }
        },
        "76": {
          "start": {
            "line": 183,
            "column": 17
          },
          "end": {
            "line": 183,
            "column": 27
          }
        },
        "77": {
          "start": {
            "line": 184,
            "column": 2
          },
          "end": {
            "line": 189,
            "column": 3
          }
        },
        "78": {
          "start": {
            "line": 185,
            "column": 4
          },
          "end": {
            "line": 188,
            "column": 7
          }
        },
        "79": {
          "start": {
            "line": 191,
            "column": 2
          },
          "end": {
            "line": 207,
            "column": 3
          }
        },
        "80": {
          "start": {
            "line": 192,
            "column": 17
          },
          "end": {
            "line": 192,
            "column": 49
          }
        },
        "81": {
          "start": {
            "line": 193,
            "column": 4
          },
          "end": {
            "line": 202,
            "column": 5
          }
        },
        "82": {
          "start": {
            "line": 194,
            "column": 6
          },
          "end": {
            "line": 196,
            "column": 9
          }
        },
        "83": {
          "start": {
            "line": 198,
            "column": 6
          },
          "end": {
            "line": 201,
            "column": 9
          }
        },
        "84": {
          "start": {
            "line": 205,
            "column": 4
          },
          "end": {
            "line": 205,
            "column": 20
          }
        },
        "85": {
          "start": {
            "line": 206,
            "column": 4
          },
          "end": {
            "line": 206,
            "column": 45
          }
        },
        "86": {
          "start": {
            "line": 211,
            "column": 0
          },
          "end": {
            "line": 217,
            "column": 1
          }
        }
      },
      "fnMap": {
        "0": {
          "name": "(anonymous_0)",
          "decl": {
            "start": {
              "line": 12,
              "column": 25
            },
            "end": {
              "line": 12,
              "column": 26
            }
          },
          "loc": {
            "start": {
              "line": 12,
              "column": 49
            },
            "end": {
              "line": 27,
              "column": 1
            }
          },
          "line": 12
        },
        "1": {
          "name": "(anonymous_1)",
          "decl": {
            "start": {
              "line": 29,
              "column": 34
            },
            "end": {
              "line": 29,
              "column": 35
            }
          },
          "loc": {
            "start": {
              "line": 29,
              "column": 54
            },
            "end": {
              "line": 44,
              "column": 1
            }
          },
          "line": 29
        },
        "2": {
          "name": "(anonymous_2)",
          "decl": {
            "start": {
              "line": 47,
              "column": 17
            },
            "end": {
              "line": 47,
              "column": 18
            }
          },
          "loc": {
            "start": {
              "line": 47,
              "column": 43
            },
            "end": {
              "line": 57,
              "column": 1
            }
          },
          "line": 47
        },
        "3": {
          "name": "(anonymous_3)",
          "decl": {
            "start": {
              "line": 60,
              "column": 19
            },
            "end": {
              "line": 60,
              "column": 20
            }
          },
          "loc": {
            "start": {
              "line": 60,
              "column": 45
            },
            "end": {
              "line": 91,
              "column": 1
            }
          },
          "line": 60
        },
        "4": {
          "name": "(anonymous_4)",
          "decl": {
            "start": {
              "line": 93,
              "column": 16
            },
            "end": {
              "line": 93,
              "column": 17
            }
          },
          "loc": {
            "start": {
              "line": 93,
              "column": 42
            },
            "end": {
              "line": 122,
              "column": 1
            }
          },
          "line": 93
        },
        "5": {
          "name": "(anonymous_5)",
          "decl": {
            "start": {
              "line": 124,
              "column": 19
            },
            "end": {
              "line": 124,
              "column": 20
            }
          },
          "loc": {
            "start": {
              "line": 124,
              "column": 45
            },
            "end": {
              "line": 179,
              "column": 1
            }
          },
          "line": 124
        },
        "6": {
          "name": "(anonymous_6)",
          "decl": {
            "start": {
              "line": 181,
              "column": 19
            },
            "end": {
              "line": 181,
              "column": 20
            }
          },
          "loc": {
            "start": {
              "line": 181,
              "column": 45
            },
            "end": {
              "line": 208,
              "column": 1
            }
          },
          "line": 181
        }
      },
      "branchMap": {
        "0": {
          "loc": {
            "start": {
              "line": 13,
              "column": 2
            },
            "end": {
              "line": 18,
              "column": 3
            }
          },
          "type": "if",
          "locations": [
            {
              "start": {
                "line": 13,
                "column": 2
              },
              "end": {
                "line": 18,
                "column": 3
              }
            },
            {
              "start": {
                "line": 13,
                "column": 2
              },
              "end": {
                "line": 18,
                "column": 3
              }
            }
          ],
          "line": 13
        },
        "1": {
          "loc": {
            "start": {
              "line": 21,
              "column": 2
            },
            "end": {
              "line": 26,
              "column": 3
            }
          },
          "type": "if",
          "locations": [
            {
              "start": {
                "line": 21,
                "column": 2
              },
              "end": {
                "line": 26,
                "column": 3
              }
            },
            {
              "start": {
                "line": 21,
                "column": 2
              },
              "end": {
                "line": 26,
                "column": 3
              }
            }
          ],
          "line": 21
        },
        "2": {
          "loc": {
            "start": {
              "line": 35,
              "column": 2
            },
            "end": {
              "line": 37,
              "column": 3
            }
          },
          "type": "if",
          "locations": [
            {
              "start": {
                "line": 35,
                "column": 2
              },
              "end": {
                "line": 37,
                "column": 3
              }
            },
            {
              "start": {
                "line": 35,
                "column": 2
              },
              "end": {
                "line": 37,
                "column": 3
              }
            }
          ],
          "line": 35
        },
        "3": {
          "loc": {
            "start": {
              "line": 38,
              "column": 2
            },
            "end": {
              "line": 40,
              "column": 3
            }
          },
          "type": "if",
          "locations": [
            {
              "start": {
                "line": 38,
                "column": 2
              },
              "end": {
                "line": 40,
                "column": 3
              }
            },
            {
              "start": {
                "line": 38,
                "column": 2
              },
              "end": {
                "line": 40,
                "column": 3
              }
            }
          ],
          "line": 38
        },
        "4": {
          "loc": {
            "start": {
              "line": 38,
              "column": 6
            },
            "end": {
              "line": 38,
              "column": 53
            }
          },
          "type": "binary-expr",
          "locations": [
            {
              "start": {
                "line": 38,
                "column": 6
              },
              "end": {
                "line": 38,
                "column": 31
              }
            },
            {
              "start": {
                "line": 38,
                "column": 35
              },
              "end": {
                "line": 38,
                "column": 53
              }
            }
          ],
          "line": 38
        },
        "5": {
          "loc": {
            "start": {
              "line": 64,
              "column": 4
            },
            "end": {
              "line": 67,
              "column": 5
            }
          },
          "type": "if",
          "locations": [
            {
              "start": {
                "line": 64,
                "column": 4
              },
              "end": {
                "line": 67,
                "column": 5
              }
            },
            {
              "start": {
                "line": 64,
                "column": 4
              },
              "end": {
                "line": 67,
                "column": 5
              }
            }
          ],
          "line": 64
        },
        "6": {
          "loc": {
            "start": {
              "line": 81,
              "column": 4
            },
            "end": {
              "line": 86,
              "column": 5
            }
          },
          "type": "if",
          "locations": [
            {
              "start": {
                "line": 81,
                "column": 4
              },
              "end": {
                "line": 86,
                "column": 5
              }
            },
            {
              "start": {
                "line": 81,
                "column": 4
              },
              "end": {
                "line": 86,
                "column": 5
              }
            }
          ],
          "line": 81
        },
        "7": {
          "loc": {
            "start": {
              "line": 96,
              "column": 2
            },
            "end": {
              "line": 101,
              "column": 3
            }
          },
          "type": "if",
          "locations": [
            {
              "start": {
                "line": 96,
                "column": 2
              },
              "end": {
                "line": 101,
                "column": 3
              }
            },
            {
              "start": {
                "line": 96,
                "column": 2
              },
              "end": {
                "line": 101,
                "column": 3
              }
            }
          ],
          "line": 96
        },
        "8": {
          "loc": {
            "start": {
              "line": 106,
              "column": 4
            },
            "end": {
              "line": 116,
              "column": 5
            }
          },
          "type": "if",
          "locations": [
            {
              "start": {
                "line": 106,
                "column": 4
              },
              "end": {
                "line": 116,
                "column": 5
              }
            },
            {
              "start": {
                "line": 106,
                "column": 4
              },
              "end": {
                "line": 116,
                "column": 5
              }
            }
          ],
          "line": 106
        },
        "9": {
          "loc": {
            "start": {
              "line": 125,
              "column": 2
            },
            "end": {
              "line": 130,
              "column": 3
            }
          },
          "type": "if",
          "locations": [
            {
              "start": {
                "line": 125,
                "column": 2
              },
              "end": {
                "line": 130,
                "column": 3
              }
            },
            {
              "start": {
                "line": 125,
                "column": 2
              },
              "end": {
                "line": 130,
                "column": 3
              }
            }
          ],
          "line": 125
        },
        "10": {
          "loc": {
            "start": {
              "line": 134,
              "column": 2
            },
            "end": {
              "line": 139,
              "column": 3
            }
          },
          "type": "if",
          "locations": [
            {
              "start": {
                "line": 134,
                "column": 2
              },
              "end": {
                "line": 139,
                "column": 3
              }
            },
            {
              "start": {
                "line": 134,
                "column": 2
              },
              "end": {
                "line": 139,
                "column": 3
              }
            }
          ],
          "line": 134
        },
        "11": {
          "loc": {
            "start": {
              "line": 145,
              "column": 4
            },
            "end": {
              "line": 148,
              "column": 5
            }
          },
          "type": "if",
          "locations": [
            {
              "start": {
                "line": 145,
                "column": 4
              },
              "end": {
                "line": 148,
                "column": 5
              }
            },
            {
              "start": {
                "line": 145,
                "column": 4
              },
              "end": {
                "line": 148,
                "column": 5
              }
            }
          ],
          "line": 145
        },
        "12": {
          "loc": {
            "start": {
              "line": 152,
              "column": 4
            },
            "end": {
              "line": 154,
              "column": 5
            }
          },
          "type": "if",
          "locations": [
            {
              "start": {
                "line": 152,
                "column": 4
              },
              "end": {
                "line": 154,
                "column": 5
              }
            },
            {
              "start": {
                "line": 152,
                "column": 4
              },
              "end": {
                "line": 154,
                "column": 5
              }
            }
          ],
          "line": 152
        },
        "13": {
          "loc": {
            "start": {
              "line": 157,
              "column": 4
            },
            "end": {
              "line": 162,
              "column": 5
            }
          },
          "type": "if",
          "locations": [
            {
              "start": {
                "line": 157,
                "column": 4
              },
              "end": {
                "line": 162,
                "column": 5
              }
            },
            {
              "start": {
                "line": 157,
                "column": 4
              },
              "end": {
                "line": 162,
                "column": 5
              }
            }
          ],
          "line": 157
        },
        "14": {
          "loc": {
            "start": {
              "line": 164,
              "column": 16
            },
            "end": {
              "line": 164,
              "column": 33
            }
          },
          "type": "binary-expr",
          "locations": [
            {
              "start": {
                "line": 164,
                "column": 16
              },
              "end": {
                "line": 164,
                "column": 20
              }
            },
            {
              "start": {
                "line": 164,
                "column": 24
              },
              "end": {
                "line": 164,
                "column": 33
              }
            }
          ],
          "line": 164
        },
        "15": {
          "loc": {
            "start": {
              "line": 165,
              "column": 16
            },
            "end": {
              "line": 165,
              "column": 33
            }
          },
          "type": "binary-expr",
          "locations": [
            {
              "start": {
                "line": 165,
                "column": 16
              },
              "end": {
                "line": 165,
                "column": 20
              }
            },
            {
              "start": {
                "line": 165,
                "column": 24
              },
              "end": {
                "line": 165,
                "column": 33
              }
            }
          ],
          "line": 165
        },
        "16": {
          "loc": {
            "start": {
              "line": 166,
              "column": 18
            },
            "end": {
              "line": 166,
              "column": 41
            }
          },
          "type": "binary-expr",
          "locations": [
            {
              "start": {
                "line": 166,
                "column": 18
              },
              "end": {
                "line": 166,
                "column": 26
              }
            },
            {
              "start": {
                "line": 166,
                "column": 30
              },
              "end": {
                "line": 166,
                "column": 41
              }
            }
          ],
          "line": 166
        },
        "17": {
          "loc": {
            "start": {
              "line": 170,
              "column": 4
            },
            "end": {
              "line": 174,
              "column": 5
            }
          },
          "type": "if",
          "locations": [
            {
              "start": {
                "line": 170,
                "column": 4
              },
              "end": {
                "line": 174,
                "column": 5
              }
            },
            {
              "start": {
                "line": 170,
                "column": 4
              },
              "end": {
                "line": 174,
                "column": 5
              }
            }
          ],
          "line": 170
        },
        "18": {
          "loc": {
            "start": {
              "line": 184,
              "column": 2
            },
            "end": {
              "line": 189,
              "column": 3
            }
          },
          "type": "if",
          "locations": [
            {
              "start": {
                "line": 184,
                "column": 2
              },
              "end": {
                "line": 189,
                "column": 3
              }
            },
            {
              "start": {
                "line": 184,
                "column": 2
              },
              "end": {
                "line": 189,
                "column": 3
              }
            }
          ],
          "line": 184
        },
        "19": {
          "loc": {
            "start": {
              "line": 193,
              "column": 4
            },
            "end": {
              "line": 202,
              "column": 5
            }
          },
          "type": "if",
          "locations": [
            {
              "start": {
                "line": 193,
                "column": 4
              },
              "end": {
                "line": 202,
                "column": 5
              }
            },
            {
              "start": {
                "line": 193,
                "column": 4
              },
              "end": {
                "line": 202,
                "column": 5
              }
            }
          ],
          "line": 193
        }
      },
      "s": {
        "0": 1,
        "1": 1,
        "2": 1,
        "3": 1,
        "4": 1,
        "5": 1,
        "6": 0,
        "7": 0,
        "8": 0,
        "9": 0,
        "10": 0,
        "11": 1,
        "12": 0,
        "13": 0,
        "14": 0,
        "15": 0,
        "16": 0,
        "17": 0,
        "18": 0,
        "19": 0,
        "20": 1,
        "21": 2,
        "22": 2,
        "23": 2,
        "24": 0,
        "25": 0,
        "26": 1,
        "27": 0,
        "28": 0,
        "29": 0,
        "30": 0,
        "31": 0,
        "32": 0,
        "33": 0,
        "34": 0,
        "35": 0,
        "36": 0,
        "37": 0,
        "38": 0,
        "39": 1,
        "40": 3,
        "41": 3,
        "42": 1,
        "43": 2,
        "44": 2,
        "45": 2,
        "46": 1,
        "47": 1,
        "48": 1,
        "49": 0,
        "50": 0,
        "51": 1,
        "52": 0,
        "53": 0,
        "54": 0,
        "55": 0,
        "56": 0,
        "57": 0,
        "58": 0,
        "59": 0,
        "60": 0,
        "61": 0,
        "62": 0,
        "63": 0,
        "64": 0,
        "65": 0,
        "66": 0,
        "67": 0,
        "68": 0,
        "69": 0,
        "70": 0,
        "71": 0,
        "72": 0,
        "73": 0,
        "74": 0,
        "75": 1,
        "76": 0,
        "77": 0,
        "78": 0,
        "79": 0,
        "80": 0,
        "81": 0,
        "82": 0,
        "83": 0,
        "84": 0,
        "85": 0,
        "86": 1
      },
      "f": {
        "0": 0,
        "1": 0,
        "2": 2,
        "3": 0,
        "4": 3,
        "5": 0,
        "6": 0
      },
      "b": {
        "0": [
          0,
          0
        ],
        "1": [
          0,
          0
        ],
        "2": [
          0,
          0
        ],
        "3": [
          0,
          0
        ],
        "4": [
          0,
          0
        ],
        "5": [
          0,
          0
        ],
        "6": [
          0,
          0
        ],
        "7": [
          1,
          2
        ],
        "8": [
          1,
          1
        ],
        "9": [
          0,
          0
        ],
        "10": [
          0,
          0
        ],
        "11": [
          0,
          0
        ],
        "12": [
          0,
          0
        ],
        "13": [
          0,
          0
        ],
        "14": [
          0,
          0
        ],
        "15": [
          0,
          0
        ],
        "16": [
          0,
          0
        ],
        "17": [
          0,
          0
        ],
        "18": [
          0,
          0
        ],
        "19": [
          0,
          0
        ]
      },
      "_coverageSchema": "1a1c01bbd47fc00a2c39e90264f33305004495a9",
      "hash": "d92d731cac85b80504810a1b84d62e4460c6beed"
    },
    "/home/vas/mern/full-stack-developer-challenge/server/src/models/book.js": {
      "path": "/home/vas/mern/full-stack-developer-challenge/server/src/models/book.js",
      "statementMap": {
        "0": {
          "start": {
            "line": 1,
            "column": 17
          },
          "end": {
            "line": 1,
            "column": 36
          }
        },
        "1": {
          "start": {
            "line": 3,
            "column": 19
          },
          "end": {
            "line": 3,
            "column": 27
          }
        },
        "2": {
          "start": {
            "line": 5,
            "column": 19
          },
          "end": {
            "line": 27,
            "column": 22
          }
        },
        "3": {
          "start": {
            "line": 30,
            "column": 18
          },
          "end": {
            "line": 30,
            "column": 52
          }
        },
        "4": {
          "start": {
            "line": 32,
            "column": 0
          },
          "end": {
            "line": 32,
            "column": 27
          }
        }
      },
      "fnMap": {},
      "branchMap": {},
      "s": {
        "0": 1,
        "1": 1,
        "2": 1,
        "3": 1,
        "4": 1
      },
      "f": {},
      "b": {},
      "_coverageSchema": "1a1c01bbd47fc00a2c39e90264f33305004495a9",
      "hash": "0b43ed0e35ffcdd64767750d99a886e1a19e5da1"
    }
  }
}